#
# There is insufficient memory for the Java Runtime Environment to continue.
# Native memory allocation (malloc) failed to allocate 1079584 bytes for Chunk::new
# Possible reasons:
#   The system is out of physical RAM or swap space
#   The process is running with CompressedOops enabled, and the Java Heap may be blocking the growth of the native heap
# Possible solutions:
#   Reduce memory load on the system
#   Increase physical memory or swap space
#   Check if swap backing store is full
#   Decrease Java heap size (-Xmx/-Xms)
#   Decrease number of Java threads
#   Decrease Java thread stack sizes (-Xss)
#   Set larger code cache with -XX:ReservedCodeCacheSize=
#   JVM is running with Unscaled Compressed Oops mode in which the Java heap is
#     placed in the first 4GB address space. The Java Heap base address is the
#     maximum limit for the native heap growth. Please use -XX:HeapBaseMinAddress
#     to set the Java Heap base and to place the Java Heap above 4GB virtual address.
# This output file may be truncated or incomplete.
#
#  Out of Memory Error (allocation.cpp:389), pid=8984, tid=0x0000000000001ff8
#
# JRE version: OpenJDK Runtime Environment (8.0_242-b01) (build 1.8.0_242-release-1644-b01)
# Java VM: OpenJDK 64-Bit Server VM (25.242-b01 mixed mode windows-amd64 compressed oops)
# Failed to write core dump. Minidumps are not enabled by default on client versions of Windows
#

---------------  T H R E A D  ---------------

Current thread (0x00000000029fe000):  JavaThread "C2 CompilerThread1" daemon [_thread_in_native, id=8184, stack(0x0000000018db0000,0x0000000018eb0000)]

Stack: [0x0000000018db0000,0x0000000018eb0000]
[error occurred during error reporting (printing stack bounds), id 0xc0000005]

Native frames: (J=compiled Java code, j=interpreted, Vv=VM code, C=native code)


Current CompileTask:
C2:  48639 10645       4       com.android.tools.r8.ir.conversion.N::a (866 bytes)


---------------  P R O C E S S  ---------------

Java Threads: ( => current thread )
  0x000000001af66000 JavaThread "Cache worker for execution history cache (C:\Users\TechLine\AndroidStudioProjects\MusicShop\.gradle\6.5\executionHistory)" [_thread_blocked, id=236, stack(0x0000000029ca0000,0x0000000029da0000)]
  0x000000001af6b000 JavaThread "Execution worker for ':' Thread 3" [_thread_blocked, id=8604, stack(0x0000000029ba0000,0x0000000029ca0000)]
  0x000000001af6c000 JavaThread "Execution worker for ':' Thread 2" [_thread_blocked, id=5712, stack(0x0000000029aa0000,0x0000000029ba0000)]
  0x000000001ba62000 JavaThread "Execution worker for ':'" [_thread_in_Java, id=12148, stack(0x00000000299a0000,0x0000000029aa0000)]
  0x000000001ba62800 JavaThread "Cache worker for file content cache (C:\Users\TechLine\AndroidStudioProjects\MusicShop\.gradle\6.5\fileContent)" [_thread_blocked, id=1436, stack(0x0000000029470000,0x0000000029570000)]
  0x000000001ba67000 JavaThread "Memory manager" [_thread_blocked, id=11744, stack(0x0000000029370000,0x0000000029470000)]
  0x000000001ba68800 JavaThread "pool-1-thread-1" [_thread_blocked, id=9344, stack(0x0000000028470000,0x0000000028570000)]
  0x000000001ba65000 JavaThread "Cache worker for Build Output Cleanup Cache (C:\Users\TechLine\AndroidStudioProjects\MusicShop\.gradle\buildOutputCleanup)" [_thread_blocked, id=8148, stack(0x0000000028170000,0x0000000028270000)]
  0x000000001ba65800 JavaThread "jar transforms Thread 92" [_thread_blocked, id=1500, stack(0x0000000027e70000,0x0000000027f70000)]
  0x000000001ba64000 JavaThread "jar transforms Thread 91" [_thread_blocked, id=1236, stack(0x0000000027d70000,0x0000000027e70000)]
  0x000000001ba63800 JavaThread "jar transforms Thread 90" [_thread_blocked, id=10116, stack(0x0000000027c70000,0x0000000027d70000)]
  0x000000001ba68000 JavaThread "jar transforms Thread 89" [_thread_blocked, id=2464, stack(0x0000000027b70000,0x0000000027c70000)]
  0x000000001ba5a000 JavaThread "jar transforms Thread 88" [_thread_blocked, id=4632, stack(0x0000000027a70000,0x0000000027b70000)]
  0x000000001ba61000 JavaThread "jar transforms Thread 87" [_thread_blocked, id=6884, stack(0x0000000027970000,0x0000000027a70000)]
  0x000000001ba59800 JavaThread "jar transforms Thread 86" [_thread_blocked, id=12268, stack(0x0000000027870000,0x0000000027970000)]
  0x000000001ba5e000 JavaThread "jar transforms Thread 85" [_thread_blocked, id=3588, stack(0x0000000027770000,0x0000000027870000)]
  0x000000001ba60800 JavaThread "jar transforms Thread 84" [_thread_blocked, id=9140, stack(0x0000000027670000,0x0000000027770000)]
  0x000000001ba5d000 JavaThread "jar transforms Thread 83" [_thread_blocked, id=6704, stack(0x0000000027570000,0x0000000027670000)]
  0x000000001ba5f800 JavaThread "jar transforms Thread 82" [_thread_blocked, id=3400, stack(0x0000000027470000,0x0000000027570000)]
  0x000000001ba5c800 JavaThread "jar transforms Thread 81" [_thread_blocked, id=11164, stack(0x0000000027370000,0x0000000027470000)]
  0x000000001ba5e800 JavaThread "jar transforms Thread 80" [_thread_blocked, id=9124, stack(0x0000000027270000,0x0000000027370000)]
  0x000000001ba5b000 JavaThread "jar transforms Thread 79" [_thread_blocked, id=6364, stack(0x0000000027170000,0x0000000027270000)]
  0x000000001ba5b800 JavaThread "jar transforms Thread 78" [_thread_blocked, id=1328, stack(0x0000000027070000,0x0000000027170000)]
  0x000000001a087800 JavaThread "jar transforms Thread 77" [_thread_blocked, id=4808, stack(0x0000000026f70000,0x0000000027070000)]
  0x000000001a088800 JavaThread "jar transforms Thread 76" [_thread_blocked, id=4672, stack(0x0000000026e70000,0x0000000026f70000)]
  0x000000001a080000 JavaThread "jar transforms Thread 75" [_thread_blocked, id=12228, stack(0x0000000026d70000,0x0000000026e70000)]
  0x000000001a085800 JavaThread "jar transforms Thread 74" [_thread_blocked, id=9532, stack(0x0000000026c70000,0x0000000026d70000)]
  0x000000001a087000 JavaThread "jar transforms Thread 73" [_thread_blocked, id=6320, stack(0x0000000026b70000,0x0000000026c70000)]
  0x000000001a084800 JavaThread "jar transforms Thread 72" [_thread_blocked, id=5900, stack(0x0000000026a70000,0x0000000026b70000)]
  0x000000001a084000 JavaThread "jar transforms Thread 71" [_thread_blocked, id=11460, stack(0x0000000026970000,0x0000000026a70000)]
  0x000000001a083000 JavaThread "jar transforms Thread 70" [_thread_blocked, id=3664, stack(0x0000000026870000,0x0000000026970000)]
  0x000000001a082800 JavaThread "jar transforms Thread 69" [_thread_blocked, id=6716, stack(0x0000000026770000,0x0000000026870000)]
  0x000000001a081800 JavaThread "jar transforms Thread 68" [_thread_blocked, id=4948, stack(0x0000000026670000,0x0000000026770000)]
  0x000000001a086000 JavaThread "jar transforms Thread 67" [_thread_blocked, id=9628, stack(0x0000000026570000,0x0000000026670000)]
  0x000000001a081000 JavaThread "jar transforms Thread 66" [_thread_blocked, id=1080, stack(0x0000000026470000,0x0000000026570000)]
  0x000000001a079800 JavaThread "jar transforms Thread 65" [_thread_blocked, id=8536, stack(0x0000000026370000,0x0000000026470000)]
  0x000000001a07e800 JavaThread "jar transforms Thread 64" [_thread_blocked, id=10852, stack(0x0000000026270000,0x0000000026370000)]
  0x000000001a07e000 JavaThread "jar transforms Thread 63" [_thread_blocked, id=6220, stack(0x0000000026170000,0x0000000026270000)]
  0x000000001a07a000 JavaThread "jar transforms Thread 62" [_thread_blocked, id=7384, stack(0x0000000026070000,0x0000000026170000)]
  0x000000001a07b800 JavaThread "jar transforms Thread 61" [_thread_blocked, id=9796, stack(0x0000000025f70000,0x0000000026070000)]
  0x000000001a07b000 JavaThread "jar transforms Thread 60" [_thread_blocked, id=6292, stack(0x0000000025e70000,0x0000000025f70000)]
  0x000000001a07f800 JavaThread "jar transforms Thread 59" [_thread_blocked, id=9828, stack(0x0000000025d70000,0x0000000025e70000)]
  0x000000001a07c800 JavaThread "jar transforms Thread 58" [_thread_blocked, id=3000, stack(0x0000000025c70000,0x0000000025d70000)]
  0x000000001a07d000 JavaThread "jar transforms Thread 57" [_thread_blocked, id=11464, stack(0x0000000025b70000,0x0000000025c70000)]
  0x000000001dad5800 JavaThread "jar transforms Thread 56" [_thread_blocked, id=3712, stack(0x0000000025a70000,0x0000000025b70000)]
  0x000000001dad7000 JavaThread "jar transforms Thread 55" [_thread_blocked, id=12064, stack(0x0000000025970000,0x0000000025a70000)]
  0x000000001dad5000 JavaThread "jar transforms Thread 54" [_thread_blocked, id=10512, stack(0x0000000025870000,0x0000000025970000)]
  0x000000001dad6800 JavaThread "jar transforms Thread 53" [_thread_blocked, id=5904, stack(0x0000000025770000,0x0000000025870000)]
  0x000000001dad4000 JavaThread "jar transforms Thread 52" [_thread_blocked, id=6520, stack(0x0000000025670000,0x0000000025770000)]
  0x000000001dad2800 JavaThread "jar transforms Thread 51" [_thread_blocked, id=4924, stack(0x0000000025570000,0x0000000025670000)]
  0x000000001dad1000 JavaThread "jar transforms Thread 50" [_thread_blocked, id=5828, stack(0x0000000025470000,0x0000000025570000)]
  0x000000001dad0800 JavaThread "jar transforms Thread 49" [_thread_blocked, id=8440, stack(0x0000000025370000,0x0000000025470000)]
  0x000000001dad2000 JavaThread "jar transforms Thread 48" [_thread_blocked, id=11928, stack(0x0000000025270000,0x0000000025370000)]
  0x000000001dad3800 JavaThread "jar transforms Thread 47" [_thread_blocked, id=8544, stack(0x0000000025170000,0x0000000025270000)]
  0x000000001dacf800 JavaThread "jar transforms Thread 46" [_thread_blocked, id=10800, stack(0x0000000025070000,0x0000000025170000)]
  0x000000001dac8000 JavaThread "jar transforms Thread 45" [_thread_blocked, id=9212, stack(0x0000000024f70000,0x0000000025070000)]
  0x000000001dacf000 JavaThread "jar transforms Thread 44" [_thread_blocked, id=12200, stack(0x0000000024e70000,0x0000000024f70000)]
  0x000000001dacd800 JavaThread "jar transforms Thread 43" [_thread_blocked, id=11480, stack(0x0000000024d70000,0x0000000024e70000)]
  0x000000001dacb000 JavaThread "jar transforms Thread 42" [_thread_blocked, id=3780, stack(0x0000000024c70000,0x0000000024d70000)]
  0x000000001dac9000 JavaThread "jar transforms Thread 41" [_thread_blocked, id=7712, stack(0x0000000024b70000,0x0000000024c70000)]
  0x000000001daca800 JavaThread "jar transforms Thread 40" [_thread_blocked, id=8568, stack(0x0000000024a70000,0x0000000024b70000)]
  0x000000001dacc800 JavaThread "jar transforms Thread 39" [_thread_blocked, id=4208, stack(0x0000000024970000,0x0000000024a70000)]
  0x000000001dac9800 JavaThread "jar transforms Thread 38" [_thread_blocked, id=3180, stack(0x0000000024870000,0x0000000024970000)]
  0x000000001dace000 JavaThread "jar transforms Thread 37" [_thread_blocked, id=1904, stack(0x0000000024770000,0x0000000024870000)]
  0x000000001dacc000 JavaThread "jar transforms Thread 36" [_thread_blocked, id=5428, stack(0x0000000024670000,0x0000000024770000)]
  0x0000000019c7e000 JavaThread "jar transforms Thread 35" [_thread_blocked, id=6460, stack(0x0000000024570000,0x0000000024670000)]
  0x0000000019c7d000 JavaThread "jar transforms Thread 34" [_thread_blocked, id=10428, stack(0x0000000024470000,0x0000000024570000)]
  0x0000000019c7c800 JavaThread "jar transforms Thread 33" [_thread_blocked, id=1788, stack(0x0000000024370000,0x0000000024470000)]
  0x0000000019c7b800 JavaThread "jar transforms Thread 32" [_thread_blocked, id=11808, stack(0x0000000024270000,0x0000000024370000)]
  0x0000000019c7b000 JavaThread "jar transforms Thread 31" [_thread_blocked, id=6792, stack(0x0000000024170000,0x0000000024270000)]
  0x0000000019c7a000 JavaThread "jar transforms Thread 30" [_thread_blocked, id=1340, stack(0x0000000024070000,0x0000000024170000)]
  0x0000000019c78800 JavaThread "jar transforms Thread 29" [_thread_blocked, id=1252, stack(0x0000000023f70000,0x0000000024070000)]
  0x0000000019c78000 JavaThread "jar transforms Thread 28" [_thread_blocked, id=11736, stack(0x0000000023e70000,0x0000000023f70000)]
  0x0000000019c79800 JavaThread "jar transforms Thread 27" [_thread_blocked, id=5784, stack(0x0000000023d70000,0x0000000023e70000)]
  0x0000000019c70800 JavaThread "jar transforms Thread 26" [_thread_blocked, id=9180, stack(0x0000000023c70000,0x0000000023d70000)]
  0x0000000019c77000 JavaThread "jar transforms Thread 25" [_thread_blocked, id=11980, stack(0x0000000023b70000,0x0000000023c70000)]
  0x0000000019c72800 JavaThread "jar transforms Thread 24" [_thread_blocked, id=10420, stack(0x0000000023a70000,0x0000000023b70000)]
  0x0000000019c74000 JavaThread "jar transforms Thread 23" [_thread_blocked, id=11984, stack(0x0000000023970000,0x0000000023a70000)]
  0x0000000019c76800 JavaThread "jar transforms Thread 22" [_thread_blocked, id=11704, stack(0x0000000023870000,0x0000000023970000)]
  0x0000000019c6f800 JavaThread "jar transforms Thread 21" [_thread_blocked, id=2424, stack(0x0000000023770000,0x0000000023870000)]
  0x0000000019c75800 JavaThread "jar transforms Thread 20" [_thread_blocked, id=2092, stack(0x0000000023670000,0x0000000023770000)]
  0x0000000019c6f000 JavaThread "jar transforms Thread 19" [_thread_blocked, id=1992, stack(0x0000000023570000,0x0000000023670000)]
  0x0000000019c75000 JavaThread "jar transforms Thread 18" [_thread_blocked, id=768, stack(0x0000000023470000,0x0000000023570000)]
  0x0000000019c71000 JavaThread "jar transforms Thread 17" [_thread_blocked, id=11644, stack(0x0000000023370000,0x0000000023470000)]
  0x0000000019c72000 JavaThread "jar transforms Thread 16" [_thread_blocked, id=12132, stack(0x0000000023270000,0x0000000023370000)]
  0x0000000019c73800 JavaThread "jar transforms Thread 15" [_thread_blocked, id=11436, stack(0x0000000023170000,0x0000000023270000)]
  0x000000001a219800 JavaThread "jar transforms Thread 14" [_thread_blocked, id=10404, stack(0x0000000023070000,0x0000000023170000)]
  0x000000001a216800 JavaThread "jar transforms Thread 13" [_thread_blocked, id=10400, stack(0x0000000022f70000,0x0000000023070000)]
  0x000000001a218000 JavaThread "jar transforms Thread 12" [_thread_blocked, id=10396, stack(0x0000000022e70000,0x0000000022f70000)]
  0x000000001a219000 JavaThread "jar transforms Thread 11" [_thread_blocked, id=10416, stack(0x0000000022c70000,0x0000000022d70000)]
  0x000000001a217800 JavaThread "jar transforms Thread 10" [_thread_blocked, id=10432, stack(0x0000000022b70000,0x0000000022c70000)]
  0x000000001a216000 JavaThread "jar transforms Thread 9" [_thread_blocked, id=10412, stack(0x0000000022a70000,0x0000000022b70000)]
  0x000000001a215000 JavaThread "jar transforms Thread 8" [_thread_blocked, id=10424, stack(0x0000000022970000,0x0000000022a70000)]
  0x000000001a21a800 JavaThread "jar transforms Thread 7" [_thread_blocked, id=11640, stack(0x0000000022870000,0x0000000022970000)]
  0x000000001a213800 JavaThread "jar transforms Thread 6" [_thread_blocked, id=11628, stack(0x0000000022770000,0x0000000022870000)]
  0x000000001a20d800 JavaThread "jar transforms Thread 5" [_thread_blocked, id=10440, stack(0x0000000022670000,0x0000000022770000)]
  0x000000001a213000 JavaThread "jar transforms Thread 4" [_thread_blocked, id=964, stack(0x0000000022570000,0x0000000022670000)]
  0x000000001a212000 JavaThread "jar transforms Thread 3" [_thread_blocked, id=3200, stack(0x0000000022470000,0x0000000022570000)]
  0x000000001a210000 JavaThread "jar transforms Thread 2" [_thread_blocked, id=9924, stack(0x0000000022370000,0x0000000022470000)]
  0x000000001a20e800 JavaThread "Build operations Thread 4" [_thread_blocked, id=11696, stack(0x0000000022270000,0x0000000022370000)]
  0x000000001a214800 JavaThread "Build operations Thread 3" [_thread_in_Java, id=5340, stack(0x0000000022170000,0x0000000022270000)]
  0x000000001a211800 JavaThread "Build operations Thread 2" [_thread_in_Java, id=2468, stack(0x0000000022070000,0x0000000022170000)]
  0x000000001a20b800 JavaThread "Build operations" [_thread_in_Java, id=4768, stack(0x0000000021f70000,0x0000000022070000)]
  0x000000001a20c000 JavaThread "Cache worker for file content cache (C:\Users\TechLine\.gradle\caches\6.5\fileContent)" [_thread_blocked, id=7048, stack(0x0000000021870000,0x0000000021970000)]
  0x000000001a7ce000 JavaThread "jar transforms" [_thread_blocked, id=3720, stack(0x0000000021770000,0x0000000021870000)]
  0x000000001a7cc000 JavaThread "Cache worker for execution history cache (C:\Users\TechLine\.gradle\caches\6.5\executionHistory)" [_thread_blocked, id=2884, stack(0x00000000200a0000,0x00000000201a0000)]
  0x000000001a7d2000 JavaThread "Cache worker for cache directory md-rule (C:\Users\TechLine\.gradle\caches\6.5\md-rule)" [_thread_blocked, id=11344, stack(0x000000001ffa0000,0x00000000200a0000)]
  0x000000001a7cb000 JavaThread "Cache worker for cache directory md-supplier (C:\Users\TechLine\.gradle\caches\6.5\md-supplier)" [_thread_blocked, id=584, stack(0x000000001fea0000,0x000000001ffa0000)]
  0x000000001a7cf800 JavaThread "Cache worker for checksums cache (C:\Users\TechLine\AndroidStudioProjects\MusicShop\.gradle\checksums)" [_thread_blocked, id=6548, stack(0x000000001fda0000,0x000000001fea0000)]
  0x000000001a7d1000 JavaThread "Cache worker for file hash cache (C:\Users\TechLine\AndroidStudioProjects\MusicShop\.gradle\6.5\fileHashes)" [_thread_blocked, id=12244, stack(0x000000001faa0000,0x000000001fba0000)]
  0x000000001a7cd800 JavaThread "Cache worker for file hash cache (C:\Users\TechLine\.gradle\caches\6.5\fileHashes)" [_thread_blocked, id=7348, stack(0x000000001d600000,0x000000001d700000)]
  0x000000001a7cc800 JavaThread "File lock request listener" [_thread_in_native, id=836, stack(0x000000001d500000,0x000000001d600000)]
  0x000000001a7d0800 JavaThread "Cache worker for journal cache (C:\Users\TechLine\.gradle\caches\journal-1)" [_thread_blocked, id=9412, stack(0x000000001d400000,0x000000001d500000)]
  0x000000001a7b9800 JavaThread "Thread-9" [_thread_blocked, id=3800, stack(0x000000001d100000,0x000000001d200000)]
  0x000000001a7b8800 JavaThread "Stdin handler" [_thread_blocked, id=9008, stack(0x000000001d000000,0x000000001d100000)]
  0x000000001a7b5000 JavaThread "Asynchronous log dispatcher for DefaultDaemonConnection: socket connection from /127.0.0.1:50872 to /127.0.0.1:50873" [_thread_blocked, id=8880, stack(0x000000001cf00000,0x000000001d000000)]
  0x000000001ae8e000 JavaThread "Daemon worker" [_thread_blocked, id=11968, stack(0x000000001ce00000,0x000000001cf00000)]
  0x000000001ae8d000 JavaThread "Cancel handler" [_thread_blocked, id=7748, stack(0x000000001cd00000,0x000000001ce00000)]
  0x000000001adf9800 JavaThread "Handler for socket connection from /127.0.0.1:50872 to /127.0.0.1:50873" [_thread_in_native, id=8936, stack(0x000000001cc00000,0x000000001cd00000)]
  0x000000001adf6800 JavaThread "Daemon" [_thread_blocked, id=7884, stack(0x000000001cb00000,0x000000001cc00000)]
  0x000000001ade6800 JavaThread "Daemon periodic checks" [_thread_blocked, id=2160, stack(0x000000001c800000,0x000000001c900000)]
  0x000000001ada0000 JavaThread "Incoming local TCP Connector on port 50872" [_thread_in_native, id=4040, stack(0x000000001c5b0000,0x000000001c6b0000)]
  0x00000000195fd800 JavaThread "Daemon health stats" [_thread_blocked, id=5276, stack(0x000000001bf50000,0x000000001c050000)]
  0x0000000018fb5800 JavaThread "Service Thread" daemon [_thread_blocked, id=5264, stack(0x00000000193b0000,0x00000000194b0000)]
  0x00000000176ac800 JavaThread "C1 CompilerThread2" daemon [_thread_blocked, id=5608, stack(0x0000000018eb0000,0x0000000018fb0000)]
=>0x00000000029fe000 JavaThread "C2 CompilerThread1" daemon [_thread_in_native, id=8184, stack(0x0000000018db0000,0x0000000018eb0000)]
  0x000000001765b000 JavaThread "C2 CompilerThread0" daemon [_thread_in_native, id=5780, stack(0x0000000018cb0000,0x0000000018db0000)]
  0x0000000017659000 JavaThread "Attach Listener" daemon [_thread_blocked, id=11336, stack(0x0000000018bb0000,0x0000000018cb0000)]
  0x0000000017658000 JavaThread "Signal Dispatcher" daemon [_thread_blocked, id=2100, stack(0x0000000018ab0000,0x0000000018bb0000)]
  0x00000000029f4000 JavaThread "Finalizer" daemon [_thread_blocked, id=12152, stack(0x00000000188a0000,0x00000000189a0000)]
  0x00000000029f1000 JavaThread "Reference Handler" daemon [_thread_blocked, id=5956, stack(0x00000000187a0000,0x00000000188a0000)]
  0x00000000028dd800 JavaThread "main" [_thread_blocked, id=9472, stack(0x00000000027a0000,0x00000000028a0000)]

Other Threads:
  0x0000000017616800 VMThread [stack: 0x00000000186a0000,0x00000000187a0000] [id=8004]
  0x0000000018fb6800 WatcherThread [stack: 0x00000000194b0000,0x00000000195b0000] [id=11756]

VM state:not at safepoint (normal execution)

VM Mutex/Monitor currently owned by a thread: None

heap address: 0x0000000080000000, size: 2048 MB, Compressed Oops mode: 32-bit
Narrow klass base: 0x0000000000000000, Narrow klass shift: 3
Compressed class space size: 1073741824 Address: 0x0000000100000000

Heap:
 PSYoungGen      total 286720K, used 251584K [0x00000000d5580000, 0x00000000e8480000, 0x0000000100000000)
  eden space 264704K, 86% used [0x00000000d5580000,0x00000000e35b7e78,0x00000000e5800000)
  from space 22016K, 99% used [0x00000000e5980000,0x00000000e6ef8250,0x00000000e6f00000)
  to   space 16896K, 0% used [0x00000000e7400000,0x00000000e7400000,0x00000000e8480000)
 ParOldGen       total 97792K, used 67997K [0x0000000080000000, 0x0000000085f80000, 0x00000000d5580000)
  object space 97792K, 69% used [0x0000000080000000,0x00000000842676e0,0x0000000085f80000)
 Metaspace       used 73618K, capacity 77560K, committed 77720K, reserved 1116160K
  class space    used 10097K, capacity 10841K, committed 10920K, reserved 1048576K

Card table byte_map: [0x0000000011dc0000,0x00000000121d0000] byte_map_base: 0x00000000119c0000

Marking Bits: (ParMarkBitMap*) 0x0000000050a3f030
 Begin Bits: [0x0000000012880000, 0x0000000014880000)
 End Bits:   [0x0000000014880000, 0x0000000016880000)

Polling page: 0x0000000000b90000

CodeCache: size=245760Kb used=32295Kb max_used=32663Kb free=213464Kb
 bounds [0x0000000002a00000, 0x0000000004a20000, 0x0000000011a00000]
 total_blobs=10491 nmethods=9687 adapters=715
 compilation: enabled

Compilation events (10 events):
Event: 48.603 Thread 0x00000000176ac800 10944       2       com.android.tools.r8.s.b.s0::a (128 bytes)
Event: 48.604 Thread 0x00000000176ac800 nmethod 10944 0x0000000003520750 code [0x0000000003520900, 0x0000000003520d68]
Event: 48.605 Thread 0x00000000176ac800 10945       2       com.android.tools.r8.s.a.p.a::a (2 bytes)
Event: 48.605 Thread 0x00000000176ac800 nmethod 10945 0x0000000003d03110 code [0x0000000003d03260, 0x0000000003d033b0]
Event: 48.610 Thread 0x00000000176ac800 10946       2       com.android.tools.r8.s.b.v::s (2 bytes)
Event: 48.611 Thread 0x00000000176ac800 nmethod 10946 0x0000000003cf2450 code [0x0000000003cf25a0, 0x0000000003cf26f0]
Event: 48.619 Thread 0x00000000176ac800 10947       2       com.android.tools.r8.t.a.a.a.f.X::j (58 bytes)
Event: 48.620 Thread 0x00000000176ac800 nmethod 10947 0x0000000002eca8d0 code [0x0000000002ecaa40, 0x0000000002ecac88]
Event: 48.636 Thread 0x00000000176ac800 10949       2       com.android.tools.r8.graph.J$e::hashCode (11 bytes)
Event: 48.636 Thread 0x00000000176ac800 nmethod 10949 0x0000000003cf2110 code [0x0000000003cf2260, 0x0000000003cf23b0]

GC Heap History (10 events):
Event: 18.805 GC heap before
{Heap before GC invocations=12 (full 2):
 PSYoungGen      total 140288K, used 129024K [0x00000000d5580000, 0x00000000e2f80000, 0x0000000100000000)
  eden space 129024K, 100% used [0x00000000d5580000,0x00000000dd380000,0x00000000dd380000)
  from space 11264K, 0% used [0x00000000dd380000,0x00000000dd380000,0x00000000dde80000)
  to   space 12800K, 0% used [0x00000000e2300000,0x00000000e2300000,0x00000000e2f80000)
 ParOldGen       total 62976K, used 17139K [0x0000000080000000, 0x0000000083d80000, 0x00000000d5580000)
  object space 62976K, 27% used [0x0000000080000000,0x00000000810bcf48,0x0000000083d80000)
 Metaspace       used 40890K, capacity 42650K, committed 42920K, reserved 1085440K
  class space    used 5594K, capacity 5973K, committed 6056K, reserved 1048576K
Event: 18.830 GC heap after
Heap after GC invocations=12 (full 2):
 PSYoungGen      total 200192K, used 10604K [0x00000000d5580000, 0x00000000e2d80000, 0x0000000100000000)
  eden space 189440K, 0% used [0x00000000d5580000,0x00000000d5580000,0x00000000e0e80000)
  from space 10752K, 98% used [0x00000000e2300000,0x00000000e2d5b0f8,0x00000000e2d80000)
  to   space 13824K, 0% used [0x00000000e1280000,0x00000000e1280000,0x00000000e2000000)
 ParOldGen       total 62976K, used 17147K [0x0000000080000000, 0x0000000083d80000, 0x00000000d5580000)
  object space 62976K, 27% used [0x0000000080000000,0x00000000810bef48,0x0000000083d80000)
 Metaspace       used 40890K, capacity 42650K, committed 42920K, reserved 1085440K
  class space    used 5594K, capacity 5973K, committed 6056K, reserved 1048576K
}
Event: 26.325 GC heap before
{Heap before GC invocations=13 (full 2):
 PSYoungGen      total 200192K, used 187119K [0x00000000d5580000, 0x00000000e2d80000, 0x0000000100000000)
  eden space 189440K, 93% used [0x00000000d5580000,0x00000000e01e0e08,0x00000000e0e80000)
  from space 10752K, 98% used [0x00000000e2300000,0x00000000e2d5b0f8,0x00000000e2d80000)
  to   space 13824K, 0% used [0x00000000e1280000,0x00000000e1280000,0x00000000e2000000)
 ParOldGen       total 62976K, used 17147K [0x0000000080000000, 0x0000000083d80000, 0x00000000d5580000)
  object space 62976K, 27% used [0x0000000080000000,0x00000000810bef48,0x0000000083d80000)
 Metaspace       used 56591K, capacity 58972K, committed 59160K, reserved 1099776K
  class space    used 7738K, capacity 8201K, committed 8232K, reserved 1048576K
Event: 26.403 GC heap after
Heap after GC invocations=13 (full 2):
 PSYoungGen      total 207360K, used 13792K [0x00000000d5580000, 0x00000000e8800000, 0x0000000100000000)
  eden space 193536K, 0% used [0x00000000d5580000,0x00000000d5580000,0x00000000e1280000)
  from space 13824K, 99% used [0x00000000e1280000,0x00000000e1ff8238,0x00000000e2000000)
  to   space 20480K, 0% used [0x00000000e7400000,0x00000000e7400000,0x00000000e8800000)
 ParOldGen       total 62976K, used 30208K [0x0000000080000000, 0x0000000083d80000, 0x00000000d5580000)
  object space 62976K, 47% used [0x0000000080000000,0x0000000081d80278,0x0000000083d80000)
 Metaspace       used 56591K, capacity 58972K, committed 59160K, reserved 1099776K
  class space    used 7738K, capacity 8201K, committed 8232K, reserved 1048576K
}
Event: 26.403 GC heap before
{Heap before GC invocations=14 (full 3):
 PSYoungGen      total 207360K, used 13792K [0x00000000d5580000, 0x00000000e8800000, 0x0000000100000000)
  eden space 193536K, 0% used [0x00000000d5580000,0x00000000d5580000,0x00000000e1280000)
  from space 13824K, 99% used [0x00000000e1280000,0x00000000e1ff8238,0x00000000e2000000)
  to   space 20480K, 0% used [0x00000000e7400000,0x00000000e7400000,0x00000000e8800000)
 ParOldGen       total 62976K, used 30208K [0x0000000080000000, 0x0000000083d80000, 0x00000000d5580000)
  object space 62976K, 47% used [0x0000000080000000,0x0000000081d80278,0x0000000083d80000)
 Metaspace       used 56591K, capacity 58972K, committed 59160K, reserved 1099776K
  class space    used 7738K, capacity 8201K, committed 8232K, reserved 1048576K
Event: 26.992 GC heap after
Heap after GC invocations=14 (full 3):
 PSYoungGen      total 207360K, used 0K [0x00000000d5580000, 0x00000000e8800000, 0x0000000100000000)
  eden space 193536K, 0% used [0x00000000d5580000,0x00000000d5580000,0x00000000e1280000)
  from space 13824K, 0% used [0x00000000e1280000,0x00000000e1280000,0x00000000e2000000)
  to   space 20480K, 0% used [0x00000000e7400000,0x00000000e7400000,0x00000000e8800000)
 ParOldGen       total 97792K, used 38443K [0x0000000080000000, 0x0000000085f80000, 0x00000000d5580000)
  object space 97792K, 39% used [0x0000000080000000,0x000000008258acb0,0x0000000085f80000)
 Metaspace       used 56578K, capacity 58930K, committed 59160K, reserved 1099776K
  class space    used 7734K, capacity 8194K, committed 8232K, reserved 1048576K
}
Event: 35.037 GC heap before
{Heap before GC invocations=15 (full 3):
 PSYoungGen      total 207360K, used 193536K [0x00000000d5580000, 0x00000000e8800000, 0x0000000100000000)
  eden space 193536K, 100% used [0x00000000d5580000,0x00000000e1280000,0x00000000e1280000)
  from space 13824K, 0% used [0x00000000e1280000,0x00000000e1280000,0x00000000e2000000)
  to   space 20480K, 0% used [0x00000000e7400000,0x00000000e7400000,0x00000000e8800000)
 ParOldGen       total 97792K, used 38443K [0x0000000080000000, 0x0000000085f80000, 0x00000000d5580000)
  object space 97792K, 39% used [0x0000000080000000,0x000000008258acb0,0x0000000085f80000)
 Metaspace       used 63841K, capacity 66822K, committed 66968K, reserved 1107968K
  class space    used 8774K, capacity 9364K, committed 9384K, reserved 1048576K
Event: 35.147 GC heap after
Heap after GC invocations=15 (full 3):
 PSYoungGen      total 281600K, used 16855K [0x00000000d5580000, 0x00000000e8480000, 0x0000000100000000)
  eden space 264704K, 0% used [0x00000000d5580000,0x00000000d5580000,0x00000000e5800000)
  from space 16896K, 99% used [0x00000000e7400000,0x00000000e8475d00,0x00000000e8480000)
  to   space 22016K, 0% used [0x00000000e5980000,0x00000000e5980000,0x00000000e6f00000)
 ParOldGen       total 97792K, used 38451K [0x0000000080000000, 0x0000000085f80000, 0x00000000d5580000)
  object space 97792K, 39% used [0x0000000080000000,0x000000008258ccb0,0x0000000085f80000)
 Metaspace       used 63841K, capacity 66822K, committed 66968K, reserved 1107968K
  class space    used 8774K, capacity 9364K, committed 9384K, reserved 1048576K
}
Event: 42.938 GC heap before
{Heap before GC invocations=16 (full 3):
 PSYoungGen      total 281600K, used 281559K [0x00000000d5580000, 0x00000000e8480000, 0x0000000100000000)
  eden space 264704K, 100% used [0x00000000d5580000,0x00000000e5800000,0x00000000e5800000)
  from space 16896K, 99% used [0x00000000e7400000,0x00000000e8475d00,0x00000000e8480000)
  to   space 22016K, 0% used [0x00000000e5980000,0x00000000e5980000,0x00000000e6f00000)
 ParOldGen       total 97792K, used 38451K [0x0000000080000000, 0x0000000085f80000, 0x00000000d5580000)
  object space 97792K, 39% used [0x0000000080000000,0x000000008258ccb0,0x0000000085f80000)
 Metaspace       used 73020K, capacity 76860K, committed 77208K, reserved 1116160K
  class space    used 10072K, capacity 10803K, committed 10920K, reserved 1048576K
Event: 43.353 GC heap after
Heap after GC invocations=16 (full 3):
 PSYoungGen      total 286720K, used 21984K [0x00000000d5580000, 0x00000000e8480000, 0x0000000100000000)
  eden space 264704K, 0% used [0x00000000d5580000,0x00000000d5580000,0x00000000e5800000)
  from space 22016K, 99% used [0x00000000e5980000,0x00000000e6ef8250,0x00000000e6f00000)
  to   space 16896K, 0% used [0x00000000e7400000,0x00000000e7400000,0x00000000e8480000)
 ParOldGen       total 97792K, used 67997K [0x0000000080000000, 0x0000000085f80000, 0x00000000d5580000)
  object space 97792K, 69% used [0x0000000080000000,0x00000000842676e0,0x0000000085f80000)
 Metaspace       used 73020K, capacity 76860K, committed 77208K, reserved 1116160K
  class space    used 10072K, capacity 10803K, committed 10920K, reserved 1048576K
}

Deoptimization events (10 events):
Event: 45.590 Thread 0x000000001a214800 Uncommon trap: reason=class_check action=maybe_recompile pc=0x000000000450fd7c method=com.android.tools.r8.s.b.l0.d()Lcom/android/tools/r8/s/b/k0; @ 3
Event: 45.590 Thread 0x000000001a214800 Uncommon trap: reason=class_check action=maybe_recompile pc=0x000000000450fd7c method=com.android.tools.r8.s.b.l0.d()Lcom/android/tools/r8/s/b/k0; @ 3
Event: 46.057 Thread 0x000000001a20b800 Uncommon trap: reason=bimorphic action=maybe_recompile pc=0x00000000048ffaa0 method=com.android.tools.r8.s.b.t1.a(Lcom/android/tools/r8/s/a/p/u;)Lcom/android/tools/r8/s/b/t1; @ 29
Event: 46.057 Thread 0x000000001a20b800 Uncommon trap: reason=bimorphic action=maybe_recompile pc=0x00000000048ffaa0 method=com.android.tools.r8.s.b.t1.a(Lcom/android/tools/r8/s/a/p/u;)Lcom/android/tools/r8/s/b/t1; @ 29
Event: 46.057 Thread 0x000000001a20b800 Uncommon trap: reason=bimorphic action=maybe_recompile pc=0x00000000048ffaa0 method=com.android.tools.r8.s.b.t1.a(Lcom/android/tools/r8/s/a/p/u;)Lcom/android/tools/r8/s/b/t1; @ 29
Event: 46.057 Thread 0x000000001a20b800 Uncommon trap: reason=bimorphic action=maybe_recompile pc=0x00000000048ffaa0 method=com.android.tools.r8.s.b.t1.a(Lcom/android/tools/r8/s/a/p/u;)Lcom/android/tools/r8/s/b/t1; @ 29
Event: 46.107 Thread 0x000000001a211800 Uncommon trap: reason=class_check action=maybe_recompile pc=0x0000000004973354 method=com.android.tools.r8.ir.regalloc.a.a(Lcom/android/tools/r8/ir/regalloc/a$a;Z)Lcom/android/tools/r8/ir/regalloc/a$a; @ 693
Event: 46.192 Thread 0x000000001ba62000 Uncommon trap: reason=class_check action=maybe_recompile pc=0x00000000049accd0 method=com.android.tools.r8.s.a.h.e.b(Lcom/android/tools/r8/s/b/k0;)V @ 226
Event: 46.192 Thread 0x000000001ba62000 Uncommon trap: reason=class_check action=maybe_recompile pc=0x00000000049accd0 method=com.android.tools.r8.s.a.h.e.b(Lcom/android/tools/r8/s/b/k0;)V @ 226
Event: 46.414 Thread 0x000000001a211800 Uncommon trap: reason=unstable_if action=reinterpret pc=0x00000000049b93bc method=com.android.tools.r8.t.a.a.a.f.X$e.contains(Ljava/lang/Object;)Z @ 124

Classes redefined (0 events):
No events

Internal exceptions (10 events):
Event: 35.909 Thread 0x000000001a20b800 Exception <a 'java/lang/NoSuchMethodError': java.lang.Object.lambda$static$0(Ljava/lang/String;)Z> (0x00000000d701fe38) thrown at [C:\src\AOSP-openjdk-git\hotspot\src\share\vm\interpreter\linkResolver.cpp, line 620]
Event: 36.216 Thread 0x000000001ba62000 Exception <a 'sun/nio/fs/WindowsException'> (0x00000000d7e951e0) thrown at [C:\src\AOSP-openjdk-git\hotspot\src\share\vm\prims\jni.cpp, line 710]
Event: 36.231 Thread 0x000000001a20b800 Exception <a 'sun/nio/fs/WindowsException'> (0x00000000d8867848) thrown at [C:\src\AOSP-openjdk-git\hotspot\src\share\vm\prims\jni.cpp, line 710]
Event: 36.336 Thread 0x000000001a211800 Exception <a 'sun/nio/fs/WindowsException'> (0x00000000d9474720) thrown at [C:\src\AOSP-openjdk-git\hotspot\src\share\vm\prims\jni.cpp, line 710]
Event: 36.498 Thread 0x000000001a214800 Exception <a 'sun/nio/fs/WindowsException'> (0x00000000d9dacfe0) thrown at [C:\src\AOSP-openjdk-git\hotspot\src\share\vm\prims\jni.cpp, line 710]
Event: 37.290 Thread 0x000000001a20b800 Exception <a 'java/lang/IncompatibleClassChangeError': Found class java.lang.Object, but interface was expected> (0x00000000db5dc848) thrown at [C:\src\AOSP-openjdk-git\hotspot\src\share\vm\interpreter\linkResolver.cpp, line 653]
Event: 37.290 Thread 0x000000001ba62000 Exception <a 'java/lang/IncompatibleClassChangeError': Found class java.lang.Object, but interface was expected> (0x00000000db79dac0) thrown at [C:\src\AOSP-openjdk-git\hotspot\src\share\vm\interpreter\linkResolver.cpp, line 653]
Event: 39.075 Thread 0x000000001a214800 Exception <a 'java/lang/NoSuchMethodError': java.lang.Object.b(Lcom/android/tools/r8/graph/p1$b;)Lcom/android/tools/r8/graph/p1$b;> (0x00000000e15a4700) thrown at [C:\src\AOSP-openjdk-git\hotspot\src\share\vm\interpreter\linkResolver.cpp, line 620]
Event: 39.168 Thread 0x000000001ba62000 Exception <a 'java/lang/NoSuchMethodError': java.lang.Object.lambda$maxBy$1(Ljava/util/Comparator;Ljava/lang/Object;Ljava/lang/Object;)Ljava/lang/Object;> (0x00000000e18db778) thrown at [C:\src\AOSP-openjdk-git\hotspot\src\share\vm\interpreter\linkResolve
Event: 39.177 Thread 0x000000001a214800 Exception <a 'java/lang/NoSuchMethodError': java.lang.Object.lambda$maxBy$1(Ljava/util/Comparator;Ljava/lang/Object;Ljava/lang/Object;)Ljava/lang/Object;> (0x00000000e1961e38) thrown at [C:\src\AOSP-openjdk-git\hotspot\src\share\vm\interpreter\linkResolve

Events (10 events):
Event: 48.423 Thread 0x00000000176ac800 flushing nmethod 0x0000000003fb0b10
Event: 48.423 Thread 0x00000000176ac800 flushing nmethod 0x0000000003fba850
Event: 48.535 Thread 0x000000001a20b800 DEOPT PACKING pc=0x00000000045a1bfd sp=0x00000000220696c0
Event: 48.535 Thread 0x000000001a20b800 DEOPT UNPACKING pc=0x0000000002a475d0 sp=0x0000000022069710 mode 0
Event: 48.625 loading class com/android/tools/r8/ir/regalloc/e
Event: 48.625 loading class com/android/tools/r8/ir/regalloc/e done
Event: 48.626 loading class com/android/tools/r8/s/b/q1
Event: 48.626 loading class com/android/tools/r8/s/b/q1 done
Event: 48.626 loading class com/android/tools/r8/ir/regalloc/e
Event: 48.626 loading class com/android/tools/r8/ir/regalloc/e done


Dynamic libraries:
0x00007ff741940000 - 0x00007ff741971000 	D:\AndroidStudio\jre\bin\java.exe
0x00007ffdbc170000 - 0x00007ffdbc365000 	C:\WINDOWS\SYSTEM32\ntdll.dll
0x00007ffdbb6b0000 - 0x00007ffdbb76d000 	C:\WINDOWS\System32\KERNEL32.DLL
0x00007ffdb9a30000 - 0x00007ffdb9cf9000 	C:\WINDOWS\System32\KERNELBASE.dll
0x00007ffdba3b0000 - 0x00007ffdba45c000 	C:\WINDOWS\System32\ADVAPI32.dll
0x00007ffdbaa00000 - 0x00007ffdbaa9e000 	C:\WINDOWS\System32\msvcrt.dll
0x00007ffdba830000 - 0x00007ffdba8cc000 	C:\WINDOWS\System32\sechost.dll
0x00007ffdba1d0000 - 0x00007ffdba2fb000 	C:\WINDOWS\System32\RPCRT4.dll
0x00007ffdbae30000 - 0x00007ffdbafd0000 	C:\WINDOWS\System32\USER32.dll
0x00007ffdba000000 - 0x00007ffdba022000 	C:\WINDOWS\System32\win32u.dll
0x00007ffdbadf0000 - 0x00007ffdbae1a000 	C:\WINDOWS\System32\GDI32.dll
0x00007ffdb9ef0000 - 0x00007ffdb9ffb000 	C:\WINDOWS\System32\gdi32full.dll
0x00007ffdba130000 - 0x00007ffdba1cd000 	C:\WINDOWS\System32\msvcp_win.dll
0x00007ffdb9930000 - 0x00007ffdb9a30000 	C:\WINDOWS\System32\ucrtbase.dll
0x00007ffd9c2b0000 - 0x00007ffd9c54a000 	C:\WINDOWS\WinSxS\amd64_microsoft.windows.common-controls_6595b64144ccf1df_6.0.19041.844_none_ca00b6081b84eb1d\COMCTL32.dll
0x00007ffdbb590000 - 0x00007ffdbb5c0000 	C:\WINDOWS\System32\IMM32.DLL
0x0000000077f20000 - 0x0000000077ff2000 	D:\AndroidStudio\jre\jre\bin\msvcr100.dll
0x0000000050270000 - 0x0000000050abb000 	D:\AndroidStudio\jre\jre\bin\server\jvm.dll
0x00007ffdba460000 - 0x00007ffdba468000 	C:\WINDOWS\System32\PSAPI.DLL
0x00007ffd8dc20000 - 0x00007ffd8dc29000 	C:\WINDOWS\SYSTEM32\WSOCK32.dll
0x00007ffdbab00000 - 0x00007ffdbab6b000 	C:\WINDOWS\System32\WS2_32.dll
0x00007ffd9fd00000 - 0x00007ffd9fd27000 	C:\WINDOWS\SYSTEM32\WINMM.dll
0x00007ffda8a00000 - 0x00007ffda8a0a000 	C:\WINDOWS\SYSTEM32\VERSION.dll
0x00007ffdb05d0000 - 0x00007ffdb05df000 	D:\AndroidStudio\jre\jre\bin\verify.dll
0x00007ffd99ec0000 - 0x00007ffd99ee9000 	D:\AndroidStudio\jre\jre\bin\java.dll
0x00007ffd99ea0000 - 0x00007ffd99eb6000 	D:\AndroidStudio\jre\jre\bin\zip.dll
0x00007ffdbb790000 - 0x00007ffdbbed2000 	C:\WINDOWS\System32\SHELL32.dll
0x00007ffdb79c0000 - 0x00007ffdb8150000 	C:\WINDOWS\SYSTEM32\windows.storage.dll
0x00007ffdba4d0000 - 0x00007ffdba825000 	C:\WINDOWS\System32\combase.dll
0x00007ffdb9320000 - 0x00007ffdb934c000 	C:\WINDOWS\SYSTEM32\Wldp.dll
0x00007ffdbbf60000 - 0x00007ffdbc00e000 	C:\WINDOWS\System32\SHCORE.dll
0x00007ffdbafd0000 - 0x00007ffdbb025000 	C:\WINDOWS\System32\shlwapi.dll
0x00007ffdb97f0000 - 0x00007ffdb980f000 	C:\WINDOWS\SYSTEM32\profapi.dll
0x00007ffdb1210000 - 0x00007ffdb122a000 	D:\AndroidStudio\jre\jre\bin\net.dll
0x00007ffdb90a0000 - 0x00007ffdb910a000 	C:\WINDOWS\system32\mswsock.dll
0x00007ffdb1160000 - 0x00007ffdb1173000 	D:\AndroidStudio\jre\jre\bin\nio.dll
0x00007ffdb2350000 - 0x00007ffdb2377000 	C:\Users\TechLine\.gradle\native\f6784746aeab05261644944871eae4fe03e0ef1612fff0a4a95f87b438bc6780\windows-amd64\native-platform.dll
0x00007ffdb1150000 - 0x00007ffdb115d000 	D:\AndroidStudio\jre\jre\bin\management.dll
0x00007ffdb9270000 - 0x00007ffdb9288000 	C:\WINDOWS\SYSTEM32\CRYPTSP.dll
0x00007ffdb89d0000 - 0x00007ffdb8a04000 	C:\WINDOWS\system32\rsaenh.dll
0x00007ffdb9d00000 - 0x00007ffdb9d27000 	C:\WINDOWS\System32\bcrypt.dll
0x00007ffdb97b0000 - 0x00007ffdb97de000 	C:\WINDOWS\SYSTEM32\USERENV.dll
0x00007ffdb98b0000 - 0x00007ffdb9930000 	C:\WINDOWS\System32\bcryptprimitives.dll
0x00007ffdb9290000 - 0x00007ffdb929c000 	C:\WINDOWS\SYSTEM32\CRYPTBASE.dll
0x00007ffdb8d40000 - 0x00007ffdb8d7b000 	C:\WINDOWS\SYSTEM32\IPHLPAPI.DLL
0x00007ffdbae20000 - 0x00007ffdbae28000 	C:\WINDOWS\System32\NSI.dll
0x00007ffdae100000 - 0x00007ffdae117000 	C:\WINDOWS\SYSTEM32\dhcpcsvc6.DLL
0x00007ffdae160000 - 0x00007ffdae17d000 	C:\WINDOWS\SYSTEM32\dhcpcsvc.DLL
0x00007ffdb8d90000 - 0x00007ffdb8e5b000 	C:\WINDOWS\SYSTEM32\DNSAPI.dll
0x00007ffdaf410000 - 0x00007ffdaf41b000 	C:\WINDOWS\SYSTEM32\WINNSI.DLL

VM Arguments:
jvm_args: -Xmx2048m -Dfile.encoding=UTF-8 -Duser.country=RU -Duser.language=ru -Duser.variant 
java_command: org.gradle.launcher.daemon.bootstrap.GradleDaemon 6.5
java_class_path (initial): C:\Users\TechLine\.gradle\wrapper\dists\gradle-6.5-bin\6nifqtx7604sqp1q6g8wikw7p\gradle-6.5\lib\gradle-launcher-6.5.jar
Launcher Type: SUN_STANDARD

Environment Variables:
PATH=C:\Program Files (x86)\Common Files\Oracle\Java\javapath;C:\Windows\system32;C:\Windows;C:\Windows\System32\Wbem;C:\Windows\System32\WindowsPowerShell\v1.0\;C:\Windows\System32\OpenSSH\;C:\Program Files (x86)\NVIDIA Corporation\PhysX\Common;C:\Program Files\NVIDIA Corporation\NVIDIA NvDLISR;C:\Program Files\Java\jdk-14.0.2\bin;C:\Program Files\nodejs\;C:\ProgramData\chocolatey\bin;C:\WINDOWS\system32;C:\WINDOWS;C:\WINDOWS\System32\Wbem;C:\WINDOWS\System32\WindowsPowerShell\v1.0\;C:\WINDOWS\System32\OpenSSH\;D:\Git\cmd;C:\Users\TechLine\AppData\Local\Microsoft\WindowsApps;C:\Program Files\JetBrains\IntelliJ IDEA Community Edition 2020.2.1\bin;C:\Users\TechLine\AppData\Roaming\npm;C:\Users\TechLine\AppData\Local\atom\bin;C:\Users\TechLine\AppData\Local\Microsoft\WindowsApps
USERNAME=TechLine
OS=Windows_NT
PROCESSOR_IDENTIFIER=Intel64 Family 6 Model 142 Stepping 9, GenuineIntel



---------------  S Y S T E M  ---------------

OS: Windows 10.0 , 64 bit Build 19041 (10.0.19041.804)

CPU:total 4 (initial active 4) (2 cores per cpu, 2 threads per core) family 6 model 142 stepping 9, cmov, cx8, fxsr, mmx, sse, sse2, sse3, ssse3, sse4.1, sse4.2, popcnt, avx, avx2, aes, clmul, erms, 3dnowpref, lzcnt, ht, tsc, tscinvbit, bmi1, bmi2, adx

Memory: 4k page, physical 8258788k(293436k free), swap 10355940k(5492k free)

vm_info: OpenJDK 64-Bit Server VM (25.242-b01) for windows-amd64 JRE (1.8.0_242-release-1644-b01), built by "builder" with MS VC++ 10.0 (VS2010)

time: Sat Mar 27 15:20:20 2021
timezone: Беларусь (зима)
elapsed time: 48 seconds (0d 0h 0m 48s)

